[OnStartup] 3/23/2026 11:59:51 PM: Entered
[OnStartup] Loading language: en
[OnStartup] Language loaded
[OnStartup] base.OnStartup complete
[OnStartup] Protocol registered
[OnStartup] Launching MainWindow (normal)
[MainWindow] ctor: Start
[MainWindow] InitializeComponent succeeded
[MainWindow] ctor: InitializeComponent done
[MainWindow] ctor: UI text set
[MainWindow] Theme selected: theme-neon
[MainWindow] DumpThemeDebug:
Applied theme: theme-neon
Merged dictionaries: 1
  [0] C:\Users\glwex\Documents\GitHub\SSF2ModManager\bin\Debug\net8.0-windows\Themes\theme-neon.xaml
Key: BackgroundBrush => SolidColorBrush #FF0B0B2A
    provider: [0] C:\Users\glwex\Documents\GitHub\SSF2ModManager\bin\Debug\net8.0-windows\Themes\theme-neon.xaml
    provider: application resources
    TryFindResource: SolidColorBrush
Key: TextPrimaryBrush => SolidColorBrush #FFE6F7FF
    provider: [0] C:\Users\glwex\Documents\GitHub\SSF2ModManager\bin\Debug\net8.0-windows\Themes\theme-neon.xaml
    provider: application resources
    TryFindResource: SolidColorBrush
Key: TextSecondaryBrush => SolidColorBrush #FF9FD1FF
    provider: [0] C:\Users\glwex\Documents\GitHub\SSF2ModManager\bin\Debug\net8.0-windows\Themes\theme-neon.xaml
    provider: application resources
    TryFindResource: SolidColorBrush
Key: AccentBrush => SolidColorBrush #FF00E5FF
    provider: [0] C:\Users\glwex\Documents\GitHub\SSF2ModManager\bin\Debug\net8.0-windows\Themes\theme-neon.xaml
    provider: application resources
    TryFindResource: SolidColorBrush
Key: CardBrush => SolidColorBrush #FF101034
    provider: [0] C:\Users\glwex\Documents\GitHub\SSF2ModManager\bin\Debug\net8.0-windows\Themes\theme-neon.xaml
    provider: application resources
    TryFindResource: SolidColorBrush
Key: PrimaryBrush => SolidColorBrush #FF00E5FF
    provider: [0] C:\Users\glwex\Documents\GitHub\SSF2ModManager\bin\Debug\net8.0-windows\Themes\theme-neon.xaml
    provider: application resources
    TryFindResource: SolidColorBrush
Key: SidebarBrush => SolidColorBrush #FF07071A
    provider: [0] C:\Users\glwex\Documents\GitHub\SSF2ModManager\bin\Debug\net8.0-windows\Themes\theme-neon.xaml
    provider: application resources
    TryFindResource: SolidColorBrush
Key: SurfaceBrush => SolidColorBrush #FF0E1230
    provider: [0] C:\Users\glwex\Documents\GitHub\SSF2ModManager\bin\Debug\net8.0-windows\Themes\theme-neon.xaml
    provider: application resources
    TryFindResource: SolidColorBrush
Keys present: BackgroundBrush, TextPrimaryBrush, TextSecondaryBrush, AccentBrush, CardBrush, PrimaryBrush, SidebarBrush, SurfaceBrush

[MainWindow] LiveValues:
Window.Background: #FF0B0B2A
BtnBrowse.Background: #FF00E5FF
BtnBrowse.Foreground: #FFE6F7FF

[MainWindow] DumpThemeDebug:
Applied theme: theme-neon
Merged dictionaries: 1
  [0] C:\Users\glwex\Documents\GitHub\SSF2ModManager\bin\Debug\net8.0-windows\Themes\theme-neon.xaml
Key: BackgroundBrush => SolidColorBrush #FF0B0B2A
    provider: [0] C:\Users\glwex\Documents\GitHub\SSF2ModManager\bin\Debug\net8.0-windows\Themes\theme-neon.xaml
    provider: application resources
    TryFindResource: SolidColorBrush
Key: TextPrimaryBrush => SolidColorBrush #FFE6F7FF
    provider: [0] C:\Users\glwex\Documents\GitHub\SSF2ModManager\bin\Debug\net8.0-windows\Themes\theme-neon.xaml
    provider: application resources
    TryFindResource: SolidColorBrush
Key: TextSecondaryBrush => SolidColorBrush #FF9FD1FF
    provider: [0] C:\Users\glwex\Documents\GitHub\SSF2ModManager\bin\Debug\net8.0-windows\Themes\theme-neon.xaml
    provider: application resources
    TryFindResource: SolidColorBrush
Key: AccentBrush => SolidColorBrush #FF00E5FF
    provider: [0] C:\Users\glwex\Documents\GitHub\SSF2ModManager\bin\Debug\net8.0-windows\Themes\theme-neon.xaml
    provider: application resources
    TryFindResource: SolidColorBrush
Key: CardBrush => SolidColorBrush #FF101034
    provider: [0] C:\Users\glwex\Documents\GitHub\SSF2ModManager\bin\Debug\net8.0-windows\Themes\theme-neon.xaml
    provider: application resources
    TryFindResource: SolidColorBrush
Key: PrimaryBrush => SolidColorBrush #FF00E5FF
    provider: [0] C:\Users\glwex\Documents\GitHub\SSF2ModManager\bin\Debug\net8.0-windows\Themes\theme-neon.xaml
    provider: application resources
    TryFindResource: SolidColorBrush
Key: SidebarBrush => SolidColorBrush #FF07071A
    provider: [0] C:\Users\glwex\Documents\GitHub\SSF2ModManager\bin\Debug\net8.0-windows\Themes\theme-neon.xaml
    provider: application resources
    TryFindResource: SolidColorBrush
Key: SurfaceBrush => SolidColorBrush #FF0E1230
    provider: [0] C:\Users\glwex\Documents\GitHub\SSF2ModManager\bin\Debug\net8.0-windows\Themes\theme-neon.xaml
    provider: application resources
    TryFindResource: SolidColorBrush
Keys present: BackgroundBrush, TextPrimaryBrush, TextSecondaryBrush, AccentBrush, CardBrush, PrimaryBrush, SidebarBrush, SurfaceBrush

[MainWindow] LiveValues:
Window.Background: #FF0B0B2A
BtnBrowse.Background: #FF00E5FF
BtnBrowse.Foreground: #FFE6F7FF

[MainWindow] ctor: End
[MainWindow] Loaded handler start
[OnStartup] MainWindow.Show() complete
[CLI] Applying options: {"Help":false,"Version":false,"Verbose":false,"LogFile":null,"StartMinimized":false,"StartHidden":false,"OpenPage":null,"OpenNews":false,"NewsPath":null,"Theme":null,"RefreshNews":false,"NewsCacheClear":false,"NewsPreviewOnly":false,"Install":[],"Uninstall":[],"Enable":[],"Disable":[],"Update":[],"ImportGb":[],"InstallBatch":null,"SearchQuery":null,"DownloadResultIndex":null,"BrowseLimit":null,"AddBuild":[],"RemoveBuild":[],"LaunchBuild":[],"ConfigPath":null,"ExportConfig":null,"ImportConfig":null,"SetPrefs":[],"Proxy":null,"NoNetwork":false,"CheckUpdates":false,"ApplyUpdate":false,"SelfInstall":false,"DumpLog":null,"TraceApi":false,"ScreenshotNews":null,"Diagnostics":false,"CiMode":false,"Yes":false,"DryRun":false,"OutputFormat":null,"RegisterProtocol":false,"UnregisterProtocol":false}
[CheckProgramVersionAsync] EX: System.Net.Http.HttpRequestException: Response status code does not indicate success: 404 (Not Found).
   at System.Net.Http.HttpResponseMessage.EnsureSuccessStatusCode()
   at System.Net.Http.HttpClient.GetStringAsyncCore(HttpRequestMessage request, CancellationToken cancellationToken)
   at SSF2ModManager.MainWindow.CheckProgramVersionAsync() in C:\Users\glwex\Documents\GitHub\SSF2ModManager\MainWindow.xaml.cs:line 515
[MainWindow] Loaded handler complete
[MainWindow] Theme selected: theme-solarized
[MainWindow] DumpThemeDebug:
Applied theme: theme-solarized
Merged dictionaries: 1
  [0] C:\Users\glwex\Documents\GitHub\SSF2ModManager\bin\Debug\net8.0-windows\Themes\theme-solarized.xaml
Key: BackgroundBrush => SolidColorBrush #FFEEE8D5
    provider: [0] C:\Users\glwex\Documents\GitHub\SSF2ModManager\bin\Debug\net8.0-windows\Themes\theme-solarized.xaml
    provider: application resources
    TryFindResource: SolidColorBrush
Key: TextPrimaryBrush => SolidColorBrush #FF586E75
    provider: [0] C:\Users\glwex\Documents\GitHub\SSF2ModManager\bin\Debug\net8.0-windows\Themes\theme-solarized.xaml
    provider: application resources
    TryFindResource: SolidColorBrush
Key: TextSecondaryBrush => SolidColorBrush #FF657B83
    provider: [0] C:\Users\glwex\Documents\GitHub\SSF2ModManager\bin\Debug\net8.0-windows\Themes\theme-solarized.xaml
    provider: application resources
    TryFindResource: SolidColorBrush
Key: AccentBrush => SolidColorBrush #FF268BD2
    provider: [0] C:\Users\glwex\Documents\GitHub\SSF2ModManager\bin\Debug\net8.0-windows\Themes\theme-solarized.xaml
    provider: application resources
    TryFindResource: SolidColorBrush
Key: CardBrush => SolidColorBrush #FFFDF6E3
    provider: [0] C:\Users\glwex\Documents\GitHub\SSF2ModManager\bin\Debug\net8.0-windows\Themes\theme-solarized.xaml
    provider: application resources
    TryFindResource: SolidColorBrush
Key: PrimaryBrush => SolidColorBrush #FF268BD2
    provider: [0] C:\Users\glwex\Documents\GitHub\SSF2ModManager\bin\Debug\net8.0-windows\Themes\theme-solarized.xaml
    provider: application resources
    TryFindResource: SolidColorBrush
Key: SidebarBrush => SolidColorBrush #FFFDF6E3
    provider: [0] C:\Users\glwex\Documents\GitHub\SSF2ModManager\bin\Debug\net8.0-windows\Themes\theme-solarized.xaml
    provider: application resources
    TryFindResource: SolidColorBrush
Key: SurfaceBrush => SolidColorBrush #FFFDF6E3
    provider: [0] C:\Users\glwex\Documents\GitHub\SSF2ModManager\bin\Debug\net8.0-windows\Themes\theme-solarized.xaml
    provider: application resources
    TryFindResource: SolidColorBrush
Keys present: BackgroundBrush, TextPrimaryBrush, TextSecondaryBrush, AccentBrush, CardBrush, PrimaryBrush, SidebarBrush, SurfaceBrush

[MainWindow] LiveValues:
Window.Background: #FFEEE8D5
BtnBrowse.Background: #00FFFFFF
BtnBrowse.Foreground: #FF657B83

[MainWindow] Theme selected: theme-sunset
[MainWindow] DumpThemeDebug:
Applied theme: theme-sunset
Merged dictionaries: 1
  [0] C:\Users\glwex\Documents\GitHub\SSF2ModManager\bin\Debug\net8.0-windows\Themes\theme-sunset.xaml
Key: BackgroundBrush => SolidColorBrush #FFFFF4EF
    provider: [0] C:\Users\glwex\Documents\GitHub\SSF2ModManager\bin\Debug\net8.0-windows\Themes\theme-sunset.xaml
    provider: application resources
    TryFindResource: SolidColorBrush
Key: TextPrimaryBrush => SolidColorBrush #FF3B2F2F
    provider: [0] C:\Users\glwex\Documents\GitHub\SSF2ModManager\bin\Debug\net8.0-windows\Themes\theme-sunset.xaml
    provider: application resources
    TryFindResource: SolidColorBrush
Key: TextSecondaryBrush => SolidColorBrush #FF8A6F6F
    provider: [0] C:\Users\glwex\Documents\GitHub\SSF2ModManager\bin\Debug\net8.0-windows\Themes\theme-sunset.xaml
    provider: application resources
    TryFindResource: SolidColorBrush
Key: AccentBrush => SolidColorBrush #FFFF7043
    provider: [0] C:\Users\glwex\Documents\GitHub\SSF2ModManager\bin\Debug\net8.0-windows\Themes\theme-sunset.xaml
    provider: application resources
    TryFindResource: SolidColorBrush
Key: CardBrush => SolidColorBrush #FFFFEDE6
    provider: [0] C:\Users\glwex\Documents\GitHub\SSF2ModManager\bin\Debug\net8.0-windows\Themes\theme-sunset.xaml
    provider: application resources
    TryFindResource: SolidColorBrush
Key: PrimaryBrush => SolidColorBrush #FFFF7043
    provider: [0] C:\Users\glwex\Documents\GitHub\SSF2ModManager\bin\Debug\net8.0-windows\Themes\theme-sunset.xaml
    provider: application resources
    TryFindResource: SolidColorBrush
Key: SidebarBrush => SolidColorBrush #FFFFEDE6
    provider: [0] C:\Users\glwex\Documents\GitHub\SSF2ModManager\bin\Debug\net8.0-windows\Themes\theme-sunset.xaml
    provider: application resources
    TryFindResource: SolidColorBrush
Key: SurfaceBrush => SolidColorBrush #FFFFEDE6
    provider: [0] C:\Users\glwex\Documents\GitHub\SSF2ModManager\bin\Debug\net8.0-windows\Themes\theme-sunset.xaml
    provider: application resources
    TryFindResource: SolidColorBrush
Keys present: BackgroundBrush, TextPrimaryBrush, TextSecondaryBrush, AccentBrush, CardBrush, PrimaryBrush, SidebarBrush, SurfaceBrush

[MainWindow] LiveValues:
Window.Background: #FFFFF4EF
BtnBrowse.Background: #00FFFFFF
BtnBrowse.Foreground: #FF8A6F6F

[MainWindow] Theme selected: theme-pastel
[MainWindow] DumpThemeDebug:
Applied theme: theme-pastel
Merged dictionaries: 1
  [0] C:\Users\glwex\Documents\GitHub\SSF2ModManager\bin\Debug\net8.0-windows\Themes\theme-pastel.xaml
Key: BackgroundBrush => SolidColorBrush #FFFFFBFE
    provider: [0] C:\Users\glwex\Documents\GitHub\SSF2ModManager\bin\Debug\net8.0-windows\Themes\theme-pastel.xaml
    provider: application resources
    TryFindResource: SolidColorBrush
Key: TextPrimaryBrush => SolidColorBrush #FF333333
    provider: [0] C:\Users\glwex\Documents\GitHub\SSF2ModManager\bin\Debug\net8.0-windows\Themes\theme-pastel.xaml
    provider: application resources
    TryFindResource: SolidColorBrush
Key: TextSecondaryBrush => SolidColorBrush #FF666666
    provider: [0] C:\Users\glwex\Documents\GitHub\SSF2ModManager\bin\Debug\net8.0-windows\Themes\theme-pastel.xaml
    provider: application resources
    TryFindResource: SolidColorBrush
Key: AccentBrush => SolidColorBrush #FFEF9A9A
    provider: [0] C:\Users\glwex\Documents\GitHub\SSF2ModManager\bin\Debug\net8.0-windows\Themes\theme-pastel.xaml
    provider: application resources
    TryFindResource: SolidColorBrush
Key: CardBrush => SolidColorBrush #FFFFF7FB
    provider: [0] C:\Users\glwex\Documents\GitHub\SSF2ModManager\bin\Debug\net8.0-windows\Themes\theme-pastel.xaml
    provider: application resources
    TryFindResource: SolidColorBrush
Key: PrimaryBrush => SolidColorBrush #FFEF9A9A
    provider: [0] C:\Users\glwex\Documents\GitHub\SSF2ModManager\bin\Debug\net8.0-windows\Themes\theme-pastel.xaml
    provider: application resources
    TryFindResource: SolidColorBrush
Key: SidebarBrush => SolidColorBrush #FFFFF7FB
    provider: [0] C:\Users\glwex\Documents\GitHub\SSF2ModManager\bin\Debug\net8.0-windows\Themes\theme-pastel.xaml
    provider: application resources
    TryFindResource: SolidColorBrush
Key: SurfaceBrush => SolidColorBrush #FFFFF7FB
    provider: [0] C:\Users\glwex\Documents\GitHub\SSF2ModManager\bin\Debug\net8.0-windows\Themes\theme-pastel.xaml
    provider: application resources
    TryFindResource: SolidColorBrush
Keys present: BackgroundBrush, TextPrimaryBrush, TextSecondaryBrush, AccentBrush, CardBrush, PrimaryBrush, SidebarBrush, SurfaceBrush

[MainWindow] LiveValues:
Window.Background: #FFFFFBFE
BtnBrowse.Background: #00FFFFFF
BtnBrowse.Foreground: #FF666666

[MainWindow] Theme selected: theme-neon
[MainWindow] DumpThemeDebug:
Applied theme: theme-neon
Merged dictionaries: 1
  [0] C:\Users\glwex\Documents\GitHub\SSF2ModManager\bin\Debug\net8.0-windows\Themes\theme-neon.xaml
Key: BackgroundBrush => SolidColorBrush #FF0B0B2A
    provider: [0] C:\Users\glwex\Documents\GitHub\SSF2ModManager\bin\Debug\net8.0-windows\Themes\theme-neon.xaml
    provider: application resources
    TryFindResource: SolidColorBrush
Key: TextPrimaryBrush => SolidColorBrush #FFE6F7FF
    provider: [0] C:\Users\glwex\Documents\GitHub\SSF2ModManager\bin\Debug\net8.0-windows\Themes\theme-neon.xaml
    provider: application resources
    TryFindResource: SolidColorBrush
Key: TextSecondaryBrush => SolidColorBrush #FF9FD1FF
    provider: [0] C:\Users\glwex\Documents\GitHub\SSF2ModManager\bin\Debug\net8.0-windows\Themes\theme-neon.xaml
    provider: application resources
    TryFindResource: SolidColorBrush
Key: AccentBrush => SolidColorBrush #FF00E5FF
    provider: [0] C:\Users\glwex\Documents\GitHub\SSF2ModManager\bin\Debug\net8.0-windows\Themes\theme-neon.xaml
    provider: application resources
    TryFindResource: SolidColorBrush
Key: CardBrush => SolidColorBrush #FF101034
    provider: [0] C:\Users\glwex\Documents\GitHub\SSF2ModManager\bin\Debug\net8.0-windows\Themes\theme-neon.xaml
    provider: application resources
    TryFindResource: SolidColorBrush
Key: PrimaryBrush => SolidColorBrush #FF00E5FF
    provider: [0] C:\Users\glwex\Documents\GitHub\SSF2ModManager\bin\Debug\net8.0-windows\Themes\theme-neon.xaml
    provider: application resources
    TryFindResource: SolidColorBrush
Key: SidebarBrush => SolidColorBrush #FF07071A
    provider: [0] C:\Users\glwex\Documents\GitHub\SSF2ModManager\bin\Debug\net8.0-windows\Themes\theme-neon.xaml
    provider: application resources
    TryFindResource: SolidColorBrush
Key: SurfaceBrush => SolidColorBrush #FF0E1230
    provider: [0] C:\Users\glwex\Documents\GitHub\SSF2ModManager\bin\Debug\net8.0-windows\Themes\theme-neon.xaml
    provider: application resources
    TryFindResource: SolidColorBrush
Keys present: BackgroundBrush, TextPrimaryBrush, TextSecondaryBrush, AccentBrush, CardBrush, PrimaryBrush, SidebarBrush, SurfaceBrush

[MainWindow] LiveValues:
Window.Background: #FF0B0B2A
BtnBrowse.Background: #00FFFFFF
BtnBrowse.Foreground: #FF9FD1FF

[MainWindow] Theme selected: theme-dark
[MainWindow] DumpThemeDebug:
Applied theme: theme-dark
Merged dictionaries: 1
  [0] C:\Users\glwex\Documents\GitHub\SSF2ModManager\bin\Debug\net8.0-windows\Themes\theme-dark.xaml
Key: BackgroundBrush => SolidColorBrush #FF121212
    provider: [0] C:\Users\glwex\Documents\GitHub\SSF2ModManager\bin\Debug\net8.0-windows\Themes\theme-dark.xaml
    provider: application resources
    TryFindResource: SolidColorBrush
Key: TextPrimaryBrush => SolidColorBrush #FFFFFFFF
    provider: [0] C:\Users\glwex\Documents\GitHub\SSF2ModManager\bin\Debug\net8.0-windows\Themes\theme-dark.xaml
    provider: application resources
    TryFindResource: SolidColorBrush
Key: TextSecondaryBrush => SolidColorBrush #FFB3B3B3
    provider: [0] C:\Users\glwex\Documents\GitHub\SSF2ModManager\bin\Debug\net8.0-windows\Themes\theme-dark.xaml
    provider: application resources
    TryFindResource: SolidColorBrush
Key: AccentBrush => SolidColorBrush #FFFFC107
    provider: [0] C:\Users\glwex\Documents\GitHub\SSF2ModManager\bin\Debug\net8.0-windows\Themes\theme-dark.xaml
    provider: application resources
    TryFindResource: SolidColorBrush
Key: CardBrush => SolidColorBrush #FF1E1E1F
    provider: [0] C:\Users\glwex\Documents\GitHub\SSF2ModManager\bin\Debug\net8.0-windows\Themes\theme-dark.xaml
    provider: application resources
    TryFindResource: SolidColorBrush
Key: PrimaryBrush => SolidColorBrush #FFFFC107
    provider: [0] C:\Users\glwex\Documents\GitHub\SSF2ModManager\bin\Debug\net8.0-windows\Themes\theme-dark.xaml
    provider: application resources
    TryFindResource: SolidColorBrush
Key: SidebarBrush => SolidColorBrush #FF0D1B2A
    provider: [0] C:\Users\glwex\Documents\GitHub\SSF2ModManager\bin\Debug\net8.0-windows\Themes\theme-dark.xaml
    provider: application resources
    TryFindResource: SolidColorBrush
Key: SurfaceBrush => SolidColorBrush #FF16213E
    provider: [0] C:\Users\glwex\Documents\GitHub\SSF2ModManager\bin\Debug\net8.0-windows\Themes\theme-dark.xaml
    provider: application resources
    TryFindResource: SolidColorBrush
Keys present: BackgroundBrush, TextPrimaryBrush, TextSecondaryBrush, AccentBrush, CardBrush, PrimaryBrush, SidebarBrush, SurfaceBrush

[MainWindow] LiveValues:
Window.Background: #FF121212
BtnBrowse.Background: #00FFFFFF
BtnBrowse.Foreground: #FFB3B3B3

